<?xml version="1.0" encoding="UTF-8"?>
<coverage generated="1706102688529" clover="3.2.0">
  <project timestamp="1706102688529" name="All files">
    <metrics statements="6" coveredstatements="6" conditionals="0" coveredconditionals="0" methods="3" coveredmethods="3" elements="9" coveredelements="9" complexity="0" loc="6" ncloc="6" packages="1" files="3" classes="3"/>
    <file name="HomePage.tsx" path="/home/will/Área de Trabalho/will-desafio-3/src/components/HomePage.tsx">
      <metrics statements="2" coveredstatements="2" conditionals="0" coveredconditionals="0" methods="1" coveredmethods="1"/>
      <line num="15" count="1" type="stmt"/>
      <line num="16" count="2" type="stmt"/>
    </file>
    <file name="NavBar.tsx" path="/home/will/Área de Trabalho/will-desafio-3/src/components/NavBar.tsx">
      <metrics statements="2" coveredstatements="2" conditionals="0" coveredconditionals="0" methods="1" coveredmethods="1"/>
      <line num="6" count="1" type="stmt"/>
      <line num="7" count="3" type="stmt"/>
    </file>
    <file name="WhyChooseMyRide.tsx" path="/home/will/Área de Trabalho/will-desafio-3/src/components/WhyChooseMyRide.tsx">
      <metrics statements="2" coveredstatements="2" conditionals="0" coveredconditionals="0" methods="1" coveredmethods="1"/>
      <line num="14" count="1" type="stmt"/>
      <line num="15" count="2" type="stmt"/>
    </file>
  </project>
</coverage>
