<?xml version="1.0" encoding="UTF-8"?>
<coverage generated="1706058195722" clover="3.2.0">
  <project timestamp="1706058195722" name="All files">
    <metrics statements="4" coveredstatements="4" conditionals="0" coveredconditionals="0" methods="2" coveredmethods="2" elements="6" coveredelements="6" complexity="0" loc="4" ncloc="4" packages="1" files="2" classes="2"/>
    <file name="HomePage.tsx" path="/home/will/Área de Trabalho/will-desafio-3/src/components/HomePage.tsx">
      <metrics statements="2" coveredstatements="2" conditionals="0" coveredconditionals="0" methods="1" coveredmethods="1"/>
      <line num="15" count="1" type="stmt"/>
      <line num="16" count="2" type="stmt"/>
    </file>
    <file name="NavBar.tsx" path="/home/will/Área de Trabalho/will-desafio-3/src/components/NavBar.tsx">
      <metrics statements="2" coveredstatements="2" conditionals="0" coveredconditionals="0" methods="1" coveredmethods="1"/>
      <line num="5" count="1" type="stmt"/>
      <line num="6" count="1" type="stmt"/>
    </file>
  </project>
</coverage>
