{"/home/will/Área de Trabalho/will-desafio-3/src/components/HomePage.tsx": {"path":"/home/will/Área de Trabalho/will-desafio-3/src/components/HomePage.tsx","statementMap":{"0":{"start":{"line":15,"column":17},"end":{"line":86,"column":1}},"1":{"start":{"line":16,"column":2},"end":{"line":85,"column":4}}},"fnMap":{"0":{"name":"(anonymous_0)","decl":{"start":{"line":15,"column":17},"end":{"line":15,"column":18}},"loc":{"start":{"line":15,"column":23},"end":{"line":86,"column":1}},"line":15}},"branchMap":{},"s":{"0":1,"1":2},"f":{"0":2},"b":{},"_coverageSchema":"1a1c01bbd47fc00a2c39e90264f33305004495a9","hash":"e8f1d1372d1e666e99d9ff88f44dda8a5e959b39"}
,"/home/will/Área de Trabalho/will-desafio-3/src/components/NavBar.tsx": {"path":"/home/will/Área de Trabalho/will-desafio-3/src/components/NavBar.tsx","statementMap":{"0":{"start":{"line":6,"column":15},"end":{"line":35,"column":1}},"1":{"start":{"line":7,"column":2},"end":{"line":34,"column":4}}},"fnMap":{"0":{"name":"(anonymous_0)","decl":{"start":{"line":6,"column":15},"end":{"line":6,"column":16}},"loc":{"start":{"line":6,"column":21},"end":{"line":35,"column":1}},"line":6}},"branchMap":{},"s":{"0":1,"1":3},"f":{"0":3},"b":{},"_coverageSchema":"1a1c01bbd47fc00a2c39e90264f33305004495a9","hash":"403d4f7d273bc444b9ab396465b2b198d2a29856"}
,"/home/will/Área de Trabalho/will-desafio-3/src/components/WhyChooseMyRide.tsx": {"path":"/home/will/Área de Trabalho/will-desafio-3/src/components/WhyChooseMyRide.tsx","statementMap":{"0":{"start":{"line":14,"column":24},"end":{"line":107,"column":1}},"1":{"start":{"line":15,"column":2},"end":{"line":106,"column":4}}},"fnMap":{"0":{"name":"(anonymous_0)","decl":{"start":{"line":14,"column":24},"end":{"line":14,"column":25}},"loc":{"start":{"line":14,"column":42},"end":{"line":107,"column":1}},"line":14}},"branchMap":{},"s":{"0":1,"1":2},"f":{"0":2},"b":{},"_coverageSchema":"1a1c01bbd47fc00a2c39e90264f33305004495a9","hash":"b9374be7b10f23f41a8901f7c743c3ca4255f2fb"}
}
