{"/home/will/Área de Trabalho/will-desafio-3/src/components/NavBar.tsx": {"path":"/home/will/Área de Trabalho/will-desafio-3/src/components/NavBar.tsx","statementMap":{"0":{"start":{"line":5,"column":15},"end":{"line":29,"column":1}},"1":{"start":{"line":6,"column":2},"end":{"line":28,"column":4}}},"fnMap":{"0":{"name":"(anonymous_0)","decl":{"start":{"line":5,"column":15},"end":{"line":5,"column":16}},"loc":{"start":{"line":5,"column":21},"end":{"line":29,"column":1}},"line":5}},"branchMap":{},"s":{"0":1,"1":1},"f":{"0":1},"b":{},"_coverageSchema":"1a1c01bbd47fc00a2c39e90264f33305004495a9","hash":"742dd8d7930f873cbe5483e0cb04a3fbebe1aeca"}
}
